Build started 12-06-2010 17:49:01.
     1>Project "E:\svn\alg2010-pba-v1\alg-pba-v1-vs\alg_v2\alg_v2\alg_v2.vcxproj" on node 2 (build target(s)).
     1>InitializeBuildStatus:
         Creating "Debug\alg_v2.unsuccessfulbuild" because "AlwaysCreate" was specified.
       ClCompile:
         e:\Program Files\Microsoft Visual Studio 10.0\VC\bin\CL.exe /c /ZI /nologo /W3 /WX- /Od /Oy- /D WIN32 /D _DEBUG /D _CONSOLE /D _UNICODE /D UNICODE /Gm /EHsc /RTC1 /MDd /GS /fp:precise /Zc:wchar_t /Zc:forScope /Fo"Debug\\" /Fd"Debug\vc100.pdb" /Gd /TC /analyze- /errorReport:prompt alg_v2.cpp layout.c
         layout.c
     1>e:\svn\alg2010-pba-v1\alg-pba-v1-vs\alg_v2\alg_v2\layout.c(35): warning C4028: formal parameter 1 different from declaration
     1>e:\svn\alg2010-pba-v1\alg-pba-v1-vs\alg_v2\alg_v2\layout.c(45): warning C4047: '=' : 'PGENERICA' differs in levels of indirection from 'PGENERICA *'
     1>e:\svn\alg2010-pba-v1\alg-pba-v1-vs\alg_v2\alg_v2\layout.c(39): warning C4101: 'contadores' : unreferenced local variable
         alg_v2.cpp
     1>e:\svn\alg2010-pba-v1\alg-pba-v1-vs\alg_v2\alg_v2\alg_v2.cpp(69): warning C4996: 'strcpy': This function or variable may be unsafe. Consider using strcpy_s instead. To disable deprecation, use _CRT_SECURE_NO_WARNINGS. See online help for details.
                 e:\program files\microsoft visual studio 10.0\vc\include\string.h(105) : see declaration of 'strcpy'
     1>e:\svn\alg2010-pba-v1\alg-pba-v1-vs\alg_v2\alg_v2\alg_v2.cpp(73): warning C4996: 'scanf': This function or variable may be unsafe. Consider using scanf_s instead. To disable deprecation, use _CRT_SECURE_NO_WARNINGS. See online help for details.
                 e:\program files\microsoft visual studio 10.0\vc\include\stdio.h(304) : see declaration of 'scanf'
     1>e:\svn\alg2010-pba-v1\alg-pba-v1-vs\alg_v2\alg_v2\alg_v2.cpp(76): warning C4996: 'fopen': This function or variable may be unsafe. Consider using fopen_s instead. To disable deprecation, use _CRT_SECURE_NO_WARNINGS. See online help for details.
                 e:\program files\microsoft visual studio 10.0\vc\include\stdio.h(234) : see declaration of 'fopen'
     1>e:\svn\alg2010-pba-v1\alg-pba-v1-vs\alg_v2\alg_v2\alg_v2.cpp(83): warning C4047: 'function' : 'CABECA **' differs in levels of indirection from 'CABECA [26]'
     1>e:\svn\alg2010-pba-v1\alg-pba-v1-vs\alg_v2\alg_v2\alg_v2.cpp(83): warning C4024: 'processaFicheiro' : different types for formal and actual parameter 2
     1>e:\svn\alg2010-pba-v1\alg-pba-v1-vs\alg_v2\alg_v2\alg_v2.cpp(140): warning C4028: formal parameter 2 different from declaration
     1>e:\svn\alg2010-pba-v1\alg-pba-v1-vs\alg_v2\alg_v2\alg_v2.cpp(200): warning C4996: 'strcpy': This function or variable may be unsafe. Consider using strcpy_s instead. To disable deprecation, use _CRT_SECURE_NO_WARNINGS. See online help for details.
                 e:\program files\microsoft visual studio 10.0\vc\include\string.h(105) : see declaration of 'strcpy'
     1>e:\svn\alg2010-pba-v1\alg-pba-v1-vs\alg_v2\alg_v2\alg_v2.cpp(260): warning C4047: '=' : 'PGENERICA' differs in levels of indirection from 'PGENERICA *'
     1>e:\svn\alg2010-pba-v1\alg-pba-v1-vs\alg_v2\alg_v2\alg_v2.cpp(390): warning C4047: '=' : 'PGENERICA *' differs in levels of indirection from 'PGENERICA'
     1>e:\svn\alg2010-pba-v1\alg-pba-v1-vs\alg_v2\alg_v2\alg_v2.cpp(395): warning C4047: '=' : 'PGENERICA' differs in levels of indirection from 'PGENERICA *'
     1>e:\svn\alg2010-pba-v1\alg-pba-v1-vs\alg_v2\alg_v2\alg_v2.cpp(396): warning C4047: '=' : 'PGENERICA *' differs in levels of indirection from 'PGENERICA'
     1>e:\svn\alg2010-pba-v1\alg-pba-v1-vs\alg_v2\alg_v2\alg_v2.cpp(467): warning C4047: 'function' : 'PGENERICA' differs in levels of indirection from 'PGENERICA *'
     1>e:\svn\alg2010-pba-v1\alg-pba-v1-vs\alg_v2\alg_v2\alg_v2.cpp(467): warning C4024: 'imprimeDadosLista' : different types for formal and actual parameter 1
     1>e:\svn\alg2010-pba-v1\alg-pba-v1-vs\alg_v2\alg_v2\alg_v2.cpp(463): warning C4101: 'ptr' : unreferenced local variable
         Generating Code...
       ManifestResourceCompile:
         All outputs are up-to-date.
       Link:
         e:\Program Files\Microsoft Visual Studio 10.0\VC\bin\link.exe /ERRORREPORT:PROMPT /OUT:"E:\svn\alg2010-pba-v1\alg-pba-v1-vs\alg_v2\Debug\alg_v2.exe" /INCREMENTAL /NOLOGO kernel32.lib user32.lib gdi32.lib winspool.lib comdlg32.lib advapi32.lib shell32.lib ole32.lib oleaut32.lib uuid.lib odbc32.lib odbccp32.lib /MANIFEST /ManifestFile:"Debug\alg_v2.exe.intermediate.manifest" /MANIFESTUAC:"level='asInvoker' uiAccess='false'" /DEBUG /PDB:"E:\svn\alg2010-pba-v1\alg-pba-v1-vs\alg_v2\Debug\alg_v2.pdb" /SUBSYSTEM:CONSOLE /TLBID:1 /DYNAMICBASE /NXCOMPAT /IMPLIB:"E:\svn\alg2010-pba-v1\alg-pba-v1-vs\alg_v2\Debug\alg_v2.lib" /MACHINE:X86 Debug\alg_v2.exe.embed.manifest.res
         Debug\alg_v2.obj
         Debug\layout.obj
         Debug\stdafx.obj
       Manifest:
         C:\Program Files\Microsoft SDKs\Windows\v7.0A\bin\mt.exe /nologo /verbose /out:"Debug\alg_v2.exe.embed.manifest" /manifest Debug\alg_v2.exe.intermediate.manifest
         All outputs are up-to-date.
       LinkEmbedManifest:
         All outputs are up-to-date.
         alg_v2.vcxproj -> E:\svn\alg2010-pba-v1\alg-pba-v1-vs\alg_v2\Debug\alg_v2.exe
       FinalizeBuildStatus:
         Deleting file "Debug\alg_v2.unsuccessfulbuild".
         Touching "Debug\alg_v2.lastbuildstate".
     1>Done Building Project "E:\svn\alg2010-pba-v1\alg-pba-v1-vs\alg_v2\alg_v2\alg_v2.vcxproj" (build target(s)).

Build succeeded.

Time Elapsed 00:00:01.66
